Could not find conda environment: toy_classification_env
You can list all discoverable environments with `conda info --envs`.

Defaulting to user installation because normal site-packages is not writeable
ERROR: Could not open requirements file: [Errno 2] No such file or directory: 'requirements.txt'
Found cached dataset boolq (/home/hmuhamm8/.cache/huggingface/datasets/boolq/default/0.1.0/bf0dd57da941c50de94ae3ce3cef7fea48c08f337a4b7aac484e9dddc5aa24e5)
Specified arguments: Namespace(batch_size=32, device='cuda', experiment='BERT Sweep', lr=0.001, model='BERT-base-uncased', num_epochs=7, plot='BERT_7ep_1e3', small_subset=False)
Loading the dataset ...
  0%|          | 0/2 [00:00<?, ?it/s]100%|██████████| 2/2 [00:00<00:00, 872.63it/s]
Some weights of the model checkpoint at BERT-base-uncased were not used when initializing BertForSequenceClassification: ['cls.predictions.bias', 'cls.predictions.decoder.weight', 'cls.predictions.transform.LayerNorm.bias', 'cls.predictions.transform.dense.bias', 'cls.predictions.transform.dense.weight', 'cls.predictions.transform.LayerNorm.weight', 'cls.seq_relationship.weight', 'cls.seq_relationship.bias']
- This IS expected if you are initializing BertForSequenceClassification from the checkpoint of a model trained on another task or with another architecture (e.g. initializing a BertForSequenceClassification model from a BertForPreTraining model).
- This IS NOT expected if you are initializing BertForSequenceClassification from the checkpoint of a model that you expect to be exactly identical (initializing a BertForSequenceClassification model from a BertForSequenceClassification model).
Some weights of BertForSequenceClassification were not initialized from the model checkpoint at BERT-base-uncased and are newly initialized: ['classifier.weight', 'classifier.bias']
You should probably TRAIN this model on a down-stream task to be able to use it for predictions and inference.
huggingface/tokenizers: The current process just got forked, after parallelism has already been used. Disabling parallelism to avoid deadlocks...
To disable this warning, you can either:
	- Avoid using `tokenizers` before the fork if possible
	- Explicitly set the environment variable TOKENIZERS_PARALLELISM=(true | false)
Slicing the data...
Size of the loaded dataset:
 - train: 8000
 - dev: 3270
 - test: 1427
Loading the tokenizer...
Loding the data into DS...
 >>>>>>>> Initializing the data loaders ... 
Loading the model ...
Moving model to device ...cuda
 >>>>>>>>  Starting training ... 
 >>>>>>>>  Initializing optimizer
Epoch 1 training:
 ===> Epoch 1
 - Average training metrics: accuracy=0.6015
 - Average validation metrics: accuracy=0.6217125382262997
Epoch 2 training:
 ===> Epoch 2
 - Average training metrics: accuracy=0.619375
 - Average validation metrics: accuracy=0.6217125382262997
Epoch 3 training:
 ===> Epoch 3
 - Average training metrics: accuracy=0.62125
 - Average validation metrics: accuracy=0.6217125382262997
Epoch 4 training:
 ===> Epoch 4
 - Average training metrics: accuracy=0.6225
 - Average validation metrics: accuracy=0.6217125382262997
Epoch 5 training:
 ===> Epoch 5
 - Average training metrics: accuracy=0.622625
 - Average validation metrics: accuracy=0.6217125382262997
Epoch 6 training:
 ===> Epoch 6
 - Average training metrics: accuracy=0.6225
 - Average validation metrics: accuracy=0.6217125382262997
Epoch 7 training:
 ===> Epoch 7
 - Average training metrics: accuracy=0.6225
 - Average validation metrics: accuracy=0.6217125382262997
torch.cuda.memory_allocated: 0.835414GB
torch.cuda.memory_reserved: 6.962891GB
torch.cuda.max_memory_reserved: 6.962891GB
Mon Mar 13 02:07:54 2023       
+-----------------------------------------------------------------------------+
| NVIDIA-SMI 460.56       Driver Version: 460.56       CUDA Version: 11.2     |
|-------------------------------+----------------------+----------------------+
| GPU  Name        Persistence-M| Bus-Id        Disp.A | Volatile Uncorr. ECC |
| Fan  Temp  Perf  Pwr:Usage/Cap|         Memory-Usage | GPU-Util  Compute M. |
|                               |                      |               MIG M. |
|===============================+======================+======================|
|   0  Graphics Device     On   | 00000000:17:00.0 Off |                   On |
| N/A   54C    P0   288W / 300W |  45369MiB / 81251MiB |     N/A      Default |
|                               |                      |              Enabled |
+-------------------------------+----------------------+----------------------+
|   1  Graphics Device     On   | 00000000:31:00.0 Off |                   On |
| N/A   60C    P0   274W / 300W |  49143MiB / 81251MiB |     N/A      Default |
|                               |                      |              Enabled |
+-------------------------------+----------------------+----------------------+
|   2  Graphics Device     On   | 00000000:B1:00.0 Off |                   On |
| N/A   54C    P0   232W / 300W |  33433MiB / 81251MiB |     N/A      Default |
|                               |                      |              Enabled |
+-------------------------------+----------------------+----------------------+
|   3  Graphics Device     On   | 00000000:CA:00.0 Off |                   On |
| N/A   38C    P0   123W / 300W |  16362MiB / 81251MiB |     N/A      Default |
|                               |                      |              Enabled |
+-------------------------------+----------------------+----------------------+

+-----------------------------------------------------------------------------+
| MIG devices:                                                                |
+------------------+----------------------+-----------+-----------------------+
| GPU  GI  CI  MIG |         Memory-Usage |        Vol|         Shared        |
|      ID  ID  Dev |           BAR1-Usage | SM     Unc| CE  ENC  DEC  OFA  JPG|
|                  |                      |        ECC|                       |
|==================+======================+===========+=======================|
|  1    8   0   0  |   8052MiB /  9728MiB | 14      0 |  1   0    0    0    0 |
|                  |      4MiB / 16383MiB |           |                       |
+------------------+----------------------+-----------+-----------------------+
                                                                               
+-----------------------------------------------------------------------------+
| Processes:                                                                  |
|  GPU   GI   CI        PID   Type   Process name                  GPU Memory |
|        ID   ID                                                   Usage      |
|=============================================================================|
|    0   14    0       1895      C   ...jeefzx3kp5jqdu/bin/python     8271MiB |
|    0    8    0       2239      C   ...jeefzx3kp5jqdu/bin/python     8023MiB |
|    0    9    0       4093      C   ...sification_env/bin/python     7345MiB |
|    0    7    0       5055      C   ...sification_env/bin/python     8341MiB |
|    0   13    0       5077      C   ...jeefzx3kp5jqdu/bin/python     3779MiB |
|    0   12    0      62406      C   ...jeefzx3kp5jqdu/bin/python     9577MiB |
|    1    8    0        607      C   ...jeefzx3kp5jqdu/bin/python     8047MiB |
|    2    8    0        994      C   ...jeefzx3kp5jqdu/bin/python     8047MiB |
|    2   10    0       4602      C   ...jeefzx3kp5jqdu/bin/python     3697MiB |
|    2    7    0      62408      C   ...jeefzx3kp5jqdu/bin/python     9561MiB |
|    2    9    0      62599      C   ...jeefzx3kp5jqdu/bin/python     7345MiB |
|    2   13    0      63680      C   ...sification_env/bin/python     4753MiB |
|    3    7    0        992      C   ...jeefzx3kp5jqdu/bin/python     8047MiB |
|    3    8    0       1245      C   ...jeefzx3kp5jqdu/bin/python     8295MiB |
+-----------------------------------------------------------------------------+

 - Average DEV metrics: accuracy=0.6217125382262997
 - Average TEST metrics: accuracy=0.626489138051857
